<?xml version="1.0" encoding="UTF-8"?>
<!-- Generated by org.testng.reporters.JUnitReportReporter -->
<testsuite hostname="DESKTOP-0M62O32" failures="0" tests="1" name="RestAssured.GetRequest4" time="6.076" errors="0" timestamp="2022-09-16T10:38:12 IST" skipped="0">
  <testcase classname="RestAssured.GetRequest4" name="restAssuredget" time="6.076"/>
  <system-out/>
</testsuite> <!-- RestAssured.GetRequest4 -->
