<?xml version="1.0" encoding="UTF-8"?>
<!-- Generated by org.testng.reporters.JUnitReportReporter -->
<testsuite hostname="DESKTOP-0M62O32" failures="0" tests="1" name="RestAssured.GetRequest9" time="6.188" errors="0" timestamp="2022-09-16T14:10:13 IST" skipped="0">
  <testcase classname="RestAssured.GetRequest9" name="restAssuredget" time="6.188"/>
  <system-out/>
</testsuite> <!-- RestAssured.GetRequest9 -->
