<?xml version="1.0" encoding="UTF-8"?>
<!-- Generated by org.testng.reporters.JUnitReportReporter -->
<testsuite hostname="DESKTOP-0M62O32" failures="0" tests="1" name="RestAssured.GetRequest5" time="6.125" errors="0" timestamp="2022-09-16T10:57:28 IST" skipped="0">
  <testcase classname="RestAssured.GetRequest5" name="restAssuredget" time="6.125"/>
  <system-out/>
</testsuite> <!-- RestAssured.GetRequest5 -->
