<?xml version="1.0" encoding="UTF-8"?>
<!-- Generated by org.testng.reporters.JUnitReportReporter -->
<testsuite hostname="DESKTOP-0M62O32" failures="0" tests="1" name="RestAssured.GetRequest8" time="4.945" errors="0" timestamp="2022-09-16T13:59:18 IST" skipped="0">
  <testcase classname="RestAssured.GetRequest8" name="restAssuredget" time="4.945"/>
  <system-out/>
</testsuite> <!-- RestAssured.GetRequest8 -->
