<?xml version="1.0" encoding="UTF-8"?>
<!-- Generated by org.testng.reporters.JUnitReportReporter -->
<testsuite hostname="DESKTOP-0M62O32" failures="0" tests="1" name="RestAssured.GetRequestUsingIndex1" time="7.233" errors="0" timestamp="2022-09-19T19:58:04 IST" skipped="0">
  <testcase classname="RestAssured.GetRequestUsingIndex1" name="restAssuredget" time="7.233"/>
  <system-out/>
</testsuite> <!-- RestAssured.GetRequestUsingIndex1 -->
