<?xml version="1.0" encoding="UTF-8"?>
<!-- Generated by org.testng.reporters.JUnitReportReporter -->
<testsuite hostname="DESKTOP-0M62O32" failures="0" tests="1" name="RestAssured.GetRequest7" time="6.304" errors="0" timestamp="2022-09-16T11:14:38 IST" skipped="0">
  <testcase classname="RestAssured.GetRequest7" name="restAssuredget" time="6.304"/>
  <system-out/>
</testsuite> <!-- RestAssured.GetRequest7 -->
