<?xml version="1.0" encoding="UTF-8"?>
<!-- Generated by org.testng.reporters.JUnitReportReporter -->
<testsuite hostname="DESKTOP-0M62O32" failures="0" tests="1" name="RestAssured.GetRequest1" time="5.082" errors="0" timestamp="2022-09-16T09:13:07 IST" skipped="0">
  <testcase classname="RestAssured.GetRequest1" name="restAssuredget" time="5.082"/>
  <system-out/>
</testsuite> <!-- RestAssured.GetRequest1 -->
