<?xml version="1.0" encoding="UTF-8"?>
<!-- Generated by org.testng.reporters.JUnitReportReporter -->
<testsuite hostname="DESKTOP-0M62O32" failures="0" tests="1" name="RestAssured.GetRequest2" time="4.456" errors="0" timestamp="2022-09-16T09:41:31 IST" skipped="0">
  <testcase classname="RestAssured.GetRequest2" name="restAssuredget" time="4.456"/>
  <system-out/>
</testsuite> <!-- RestAssured.GetRequest2 -->
